<?xml version="1.0" encoding="UTF-8"?>
<testng-results skipped="0" failed="0" ignored="0" total="5" passed="5">
  <reporter-output>
  </reporter-output>
  <suite name="Suite" duration-ms="10088" started-at="2019-02-14T18:55:19Z" finished-at="2019-02-14T18:55:30Z">
    <groups>
    </groups>
    <test name="Backbase Computer Database" duration-ms="10088" started-at="2019-02-14T18:55:19Z" finished-at="2019-02-14T18:55:30Z">
      <class name="com.backbase.computerdb.test.ComputerDataBaseTest">
        <test-method status="PASS" signature="intialization()[pri:0, instance:com.backbase.computerdb.test.ComputerDataBaseTest@1e88b3c]" name="intialization" is-config="true" duration-ms="4424" started-at="2019-02-14T18:55:19Z" finished-at="2019-02-14T18:55:24Z">
          <reporter-output>
          </reporter-output>
        </test-method> <!-- intialization -->
        <test-method status="PASS" signature="setup()[pri:0, instance:com.backbase.computerdb.test.ComputerDataBaseTest@1e88b3c]" name="setup" is-config="true" duration-ms="34" started-at="2019-02-14T18:55:24Z" finished-at="2019-02-14T18:55:24Z">
          <reporter-output>
          </reporter-output>
        </test-method> <!-- setup -->
        <test-method status="PASS" signature="validateHomePage()[pri:1, instance:com.backbase.computerdb.test.ComputerDataBaseTest@1e88b3c]" name="validateHomePage" duration-ms="103" started-at="2019-02-14T18:55:24Z" description="Verify to be on home page" finished-at="2019-02-14T18:55:24Z">
          <reporter-output>
          </reporter-output>
        </test-method> <!-- validateHomePage -->
        <test-method status="PASS" signature="setup()[pri:0, instance:com.backbase.computerdb.test.ComputerDataBaseTest@1e88b3c]" name="setup" is-config="true" duration-ms="1" started-at="2019-02-14T18:55:24Z" finished-at="2019-02-14T18:55:24Z">
          <reporter-output>
          </reporter-output>
        </test-method> <!-- setup -->
        <test-method status="PASS" signature="createComputer(java.lang.String, java.lang.String, java.lang.String, java.lang.String)[pri:2, instance:com.backbase.computerdb.test.ComputerDataBaseTest@1e88b3c]" name="createComputer" duration-ms="1284" started-at="2019-02-14T18:55:24Z" description="Verify to add a computer in computer database" finished-at="2019-02-14T18:55:25Z">
          <params>
            <param index="0">
              <value>
                <![CDATA[Asus2019]]>
              </value>
            </param>
            <param index="1">
              <value>
                <![CDATA[2019-02-20]]>
              </value>
            </param>
            <param index="2">
              <value>
                <![CDATA[2019-03-20]]>
              </value>
            </param>
            <param index="3">
              <value>
                <![CDATA[IBM]]>
              </value>
            </param>
          </params>
          <reporter-output>
          </reporter-output>
        </test-method> <!-- createComputer -->
        <test-method status="PASS" signature="setup()[pri:0, instance:com.backbase.computerdb.test.ComputerDataBaseTest@1e88b3c]" name="setup" is-config="true" duration-ms="1" started-at="2019-02-14T18:55:25Z" finished-at="2019-02-14T18:55:25Z">
          <reporter-output>
          </reporter-output>
        </test-method> <!-- setup -->
        <test-method status="PASS" signature="editComputer(java.lang.String, java.lang.String, java.lang.String, java.lang.String, java.lang.String)[pri:3, instance:com.backbase.computerdb.test.ComputerDataBaseTest@1e88b3c]" name="editComputer" duration-ms="1656" started-at="2019-02-14T18:55:25Z" description="Verify to edit a computer in computer database" finished-at="2019-02-14T18:55:27Z">
          <params>
            <param index="0">
              <value>
                <![CDATA[Asus2019]]>
              </value>
            </param>
            <param index="1">
              <value>
                <![CDATA[NewAsus2019]]>
              </value>
            </param>
            <param index="2">
              <value>
                <![CDATA[2019-02-21]]>
              </value>
            </param>
            <param index="3">
              <value>
                <![CDATA[2019-03-22]]>
              </value>
            </param>
            <param index="4">
              <value>
                <![CDATA[Nokia]]>
              </value>
            </param>
          </params>
          <reporter-output>
          </reporter-output>
        </test-method> <!-- editComputer -->
        <test-method status="PASS" signature="setup()[pri:0, instance:com.backbase.computerdb.test.ComputerDataBaseTest@1e88b3c]" name="setup" is-config="true" duration-ms="0" started-at="2019-02-14T18:55:27Z" finished-at="2019-02-14T18:55:27Z">
          <reporter-output>
          </reporter-output>
        </test-method> <!-- setup -->
        <test-method status="PASS" signature="findByName(java.lang.String)[pri:4, instance:com.backbase.computerdb.test.ComputerDataBaseTest@1e88b3c]" name="findByName" duration-ms="772" started-at="2019-02-14T18:55:27Z" description="Verify to get computers result from computer" finished-at="2019-02-14T18:55:28Z">
          <params>
            <param index="0">
              <value>
                <![CDATA[NewAsus2019]]>
              </value>
            </param>
          </params>
          <reporter-output>
          </reporter-output>
        </test-method> <!-- findByName -->
        <test-method status="PASS" signature="deleteTest(java.lang.String)[pri:5, instance:com.backbase.computerdb.test.ComputerDataBaseTest@1e88b3c]" name="deleteTest" duration-ms="1787" started-at="2019-02-14T18:55:28Z" description="Verify to delete the computer" finished-at="2019-02-14T18:55:30Z">
          <params>
            <param index="0">
              <value>
                <![CDATA[NewAsus2019]]>
              </value>
            </param>
          </params>
          <reporter-output>
          </reporter-output>
        </test-method> <!-- deleteTest -->
        <test-method status="PASS" signature="setup()[pri:0, instance:com.backbase.computerdb.test.ComputerDataBaseTest@1e88b3c]" name="setup" is-config="true" duration-ms="0" started-at="2019-02-14T18:55:28Z" finished-at="2019-02-14T18:55:28Z">
          <reporter-output>
          </reporter-output>
        </test-method> <!-- setup -->
      </class> <!-- com.backbase.computerdb.test.ComputerDataBaseTest -->
    </test> <!-- Backbase Computer Database -->
  </suite> <!-- Suite -->
</testng-results>
