<?xml version="1.0" encoding="UTF-8"?>
<!-- Generated by org.testng.reporters.JUnitXMLReporter -->
<testsuite hostname="DESKTOP-U7QIFE3" ignored="0" name="Backbase Computer Database" tests="5" failures="0" timestamp="14 Feb 2019 18:55:30 GMT" time="10.088" errors="0">
  <testcase name="validateHomePage" time="0.103" classname="com.backbase.computerdb.test.ComputerDataBaseTest"/>
  <testcase name="createComputer" time="1.284" classname="com.backbase.computerdb.test.ComputerDataBaseTest"/>
  <testcase name="editComputer" time="1.656" classname="com.backbase.computerdb.test.ComputerDataBaseTest"/>
  <testcase name="findByName" time="0.772" classname="com.backbase.computerdb.test.ComputerDataBaseTest"/>
  <testcase name="deleteTest" time="1.787" classname="com.backbase.computerdb.test.ComputerDataBaseTest"/>
</testsuite> <!-- Backbase Computer Database -->
